12:48:43 **** Build of project hellworldlab1_bsp ****
make -k all 
libgen -hw ../systemlab1_hw_platform/system.xml\
       \
       -pe ps7_cortexa9_0 \
       -log libgen.log \
       system.mss
libgen
Xilinx EDK 14.7 Build EDK_P.20131013
Copyright (c) 1995-2012 Xilinx, Inc.  All rights reserved.

Command Line: libgen -hw ../systemlab1_hw_platform/system.xml -pe ps7_cortexa9_0
-log libgen.log system.mss 


Staging source files.
Running DRCs.
Running generate.
Running post_generate.
Running include - 'gmake -s include "COMPILER=arm-xilinx-eabi-gcc"
"ARCHIVER=arm-xilinx-eabi-ar" "COMPILER_FLAGS= -O2 -c"
"EXTRA_COMPILER_FLAGS=-g"'.

Running libs - 'gmake -s libs "COMPILER=arm-xilinx-eabi-gcc"
"ARCHIVER=arm-xilinx-eabi-ar" "COMPILER_FLAGS= -O2 -c"
"EXTRA_COMPILER_FLAGS=-g"'.
Compiling standalone
arm-xilinx-eabi-ar: creating ../../../lib/libxil.a
Compiling canps
Compiling devcfg
Compiling dmaps
Compiling emacps
Compiling gpiops
Compiling iicps
Compiling qspips
Compiling scugic
Compiling scutimer
Compiling scuwdt
Compiling ttcps
Compiling uartps
Compiling usbps
Compiling wdtps
Compiling xadcps
Compiling cpu_cortexa9
Running execs_generate.
Finished building libraries

12:49:13 Build Finished (took 30s.47ms)

