Release 14.7 - ngc2edif P.20131013 (lin64)
Copyright (c) 1995-2013 Xilinx, Inc.  All rights reserved.
Reading design systemlab1.ngc ...
WARNING:NetListWriters:298 - No output is written to systemlab1.xncf, ignored.
Processing design ...
   Preping design's networks ...
   Preping design's macros ...
  finished :Prep
Writing EDIF netlist file systemlab1.edif ...
ngc2edif: Total memory usage is 106220 kilobytes

Release 14.7 - ngc2edif P.20131013 (lin64)
Copyright (c) 1995-2013 Xilinx, Inc.  All rights reserved.
Reading design systemlab1_processing_system7_0_wrapper.ngc ...
WARNING:NetListWriters:298 - No output is written to
   systemlab1_processing_system7_0_wrapper.xncf, ignored.
Processing design ...
   Preping design's networks ...
   Preping design's macros ...
  finished :Prep
Writing EDIF netlist file systemlab1_processing_system7_0_wrapper.edif ...
ngc2edif: Total memory usage is 108756 kilobytes

Release 14.7 - ngc2edif P.20131013 (lin64)
Copyright (c) 1995-2013 Xilinx, Inc.  All rights reserved.
Reading design systemlab1.ngc ...
WARNING:NetListWriters:298 - No output is written to systemlab1.xncf, ignored.
Processing design ...
   Preping design's networks ...
   Preping design's macros ...
  finished :Prep
Writing EDIF netlist file systemlab1.edif ...
ngc2edif: Total memory usage is 106256 kilobytes

